Generated at 2017-12-10 07:13:37 +0000
Mixlib::ShellOut::ShellCommandFailed: service[apache2] (@recipe_files::/home/user/chef-repo/cookbooks/apache/recipes/default.rb line 12) had an error: Mixlib::ShellOut::ShellCommandFailed: Expected process to exit with [0], but received '1'
---- Begin output of /bin/systemctl --system restart httpd ----
STDOUT: 
STDERR: Failed to restart httpd.service: Interactive authentication required.
See system logs and 'systemctl status httpd.service' for details.
---- End output of /bin/systemctl --system restart httpd ----
Ran /bin/systemctl --system restart httpd returned 1
/opt/chefdk/embedded/lib/ruby/gems/2.4.0/gems/mixlib-shellout-2.3.2/lib/mixlib/shellout.rb:293:in `invalid!'
/opt/chefdk/embedded/lib/ruby/gems/2.4.0/gems/mixlib-shellout-2.3.2/lib/mixlib/shellout.rb:280:in `error!'
/opt/chefdk/embedded/lib/ruby/gems/2.4.0/gems/chef-13.6.4/lib/chef/mixin/shell_out.rb:130:in `shell_out_with_systems_locale!'
/opt/chefdk/embedded/lib/ruby/gems/2.4.0/gems/chef-13.6.4/lib/chef/provider/service/systemd.rb:127:in `restart_service'
/opt/chefdk/embedded/lib/ruby/gems/2.4.0/gems/chef-13.6.4/lib/chef/provider/service.rb:160:in `block in action_restart'
/opt/chefdk/embedded/lib/ruby/gems/2.4.0/gems/chef-13.6.4/lib/chef/mixin/why_run.rb:52:in `add_action'
/opt/chefdk/embedded/lib/ruby/gems/2.4.0/gems/chef-13.6.4/lib/chef/provider.rb:202:in `converge_by'
/opt/chefdk/embedded/lib/ruby/gems/2.4.0/gems/chef-13.6.4/lib/chef/provider/service.rb:159:in `action_restart'
/opt/chefdk/embedded/lib/ruby/gems/2.4.0/gems/chef-13.6.4/lib/chef/provider.rb:171:in `run_action'
/opt/chefdk/embedded/lib/ruby/gems/2.4.0/gems/chef-13.6.4/lib/chef/resource.rb:591:in `run_action'
/opt/chefdk/embedded/lib/ruby/gems/2.4.0/gems/chef-13.6.4/lib/chef/runner.rb:70:in `run_action'
/opt/chefdk/embedded/lib/ruby/gems/2.4.0/gems/chef-13.6.4/lib/chef/runner.rb:98:in `block (2 levels) in converge'
/opt/chefdk/embedded/lib/ruby/gems/2.4.0/gems/chef-13.6.4/lib/chef/runner.rb:98:in `each'
/opt/chefdk/embedded/lib/ruby/gems/2.4.0/gems/chef-13.6.4/lib/chef/runner.rb:98:in `block in converge'
/opt/chefdk/embedded/lib/ruby/gems/2.4.0/gems/chef-13.6.4/lib/chef/resource_collection/resource_list.rb:94:in `block in execute_each_resource'
/opt/chefdk/embedded/lib/ruby/gems/2.4.0/gems/chef-13.6.4/lib/chef/resource_collection/stepable_iterator.rb:114:in `call_iterator_block'
/opt/chefdk/embedded/lib/ruby/gems/2.4.0/gems/chef-13.6.4/lib/chef/resource_collection/stepable_iterator.rb:85:in `step'
/opt/chefdk/embedded/lib/ruby/gems/2.4.0/gems/chef-13.6.4/lib/chef/resource_collection/stepable_iterator.rb:103:in `iterate'
/opt/chefdk/embedded/lib/ruby/gems/2.4.0/gems/chef-13.6.4/lib/chef/resource_collection/stepable_iterator.rb:55:in `each_with_index'
/opt/chefdk/embedded/lib/ruby/gems/2.4.0/gems/chef-13.6.4/lib/chef/resource_collection/resource_list.rb:92:in `execute_each_resource'
/opt/chefdk/embedded/lib/ruby/gems/2.4.0/gems/chef-13.6.4/lib/chef/runner.rb:97:in `converge'
/opt/chefdk/embedded/lib/ruby/gems/2.4.0/gems/chef-13.6.4/lib/chef/client.rb:718:in `block in converge'
/opt/chefdk/embedded/lib/ruby/gems/2.4.0/gems/chef-13.6.4/lib/chef/client.rb:713:in `catch'
/opt/chefdk/embedded/lib/ruby/gems/2.4.0/gems/chef-13.6.4/lib/chef/client.rb:713:in `converge'
/opt/chefdk/embedded/lib/ruby/gems/2.4.0/gems/chef-13.6.4/lib/chef/client.rb:752:in `converge_and_save'
/opt/chefdk/embedded/lib/ruby/gems/2.4.0/gems/chef-13.6.4/lib/chef/client.rb:286:in `run'
/opt/chefdk/embedded/lib/ruby/gems/2.4.0/gems/chef-13.6.4/lib/chef/application.rb:291:in `block in fork_chef_client'
/opt/chefdk/embedded/lib/ruby/gems/2.4.0/gems/chef-13.6.4/lib/chef/application.rb:279:in `fork'
/opt/chefdk/embedded/lib/ruby/gems/2.4.0/gems/chef-13.6.4/lib/chef/application.rb:279:in `fork_chef_client'
/opt/chefdk/embedded/lib/ruby/gems/2.4.0/gems/chef-13.6.4/lib/chef/application.rb:244:in `block in run_chef_client'
/opt/chefdk/embedded/lib/ruby/gems/2.4.0/gems/chef-13.6.4/lib/chef/local_mode.rb:44:in `with_server_connectivity'
/opt/chefdk/embedded/lib/ruby/gems/2.4.0/gems/chef-13.6.4/lib/chef/application.rb:232:in `run_chef_client'
/opt/chefdk/embedded/lib/ruby/gems/2.4.0/gems/chef-13.6.4/lib/chef/application/client.rb:469:in `sleep_then_run_chef_client'
/opt/chefdk/embedded/lib/ruby/gems/2.4.0/gems/chef-13.6.4/lib/chef/application/client.rb:458:in `block in interval_run_chef_client'
/opt/chefdk/embedded/lib/ruby/gems/2.4.0/gems/chef-13.6.4/lib/chef/application/client.rb:457:in `loop'
/opt/chefdk/embedded/lib/ruby/gems/2.4.0/gems/chef-13.6.4/lib/chef/application/client.rb:457:in `interval_run_chef_client'
/opt/chefdk/embedded/lib/ruby/gems/2.4.0/gems/chef-13.6.4/lib/chef/application/client.rb:441:in `run_application'
/opt/chefdk/embedded/lib/ruby/gems/2.4.0/gems/chef-13.6.4/lib/chef/application.rb:59:in `run'
/opt/chefdk/embedded/lib/ruby/gems/2.4.0/gems/chef-13.6.4/bin/chef-client:26:in `<top (required)>'
/bin/chef-client:255:in `load'
/bin/chef-client:255:in `<main>'

>>>> Caused by Mixlib::ShellOut::ShellCommandFailed: Expected process to exit with [0], but received '1'
---- Begin output of /bin/systemctl --system restart httpd ----
STDOUT: 
STDERR: Failed to restart httpd.service: Interactive authentication required.
See system logs and 'systemctl status httpd.service' for details.
---- End output of /bin/systemctl --system restart httpd ----
Ran /bin/systemctl --system restart httpd returned 1
/opt/chefdk/embedded/lib/ruby/gems/2.4.0/gems/mixlib-shellout-2.3.2/lib/mixlib/shellout.rb:293:in `invalid!'
/opt/chefdk/embedded/lib/ruby/gems/2.4.0/gems/mixlib-shellout-2.3.2/lib/mixlib/shellout.rb:280:in `error!'
/opt/chefdk/embedded/lib/ruby/gems/2.4.0/gems/chef-13.6.4/lib/chef/mixin/shell_out.rb:130:in `shell_out_with_systems_locale!'
/opt/chefdk/embedded/lib/ruby/gems/2.4.0/gems/chef-13.6.4/lib/chef/provider/service/systemd.rb:127:in `restart_service'
/opt/chefdk/embedded/lib/ruby/gems/2.4.0/gems/chef-13.6.4/lib/chef/provider/service.rb:160:in `block in action_restart'
/opt/chefdk/embedded/lib/ruby/gems/2.4.0/gems/chef-13.6.4/lib/chef/mixin/why_run.rb:52:in `add_action'
/opt/chefdk/embedded/lib/ruby/gems/2.4.0/gems/chef-13.6.4/lib/chef/provider.rb:202:in `converge_by'
/opt/chefdk/embedded/lib/ruby/gems/2.4.0/gems/chef-13.6.4/lib/chef/provider/service.rb:159:in `action_restart'
/opt/chefdk/embedded/lib/ruby/gems/2.4.0/gems/chef-13.6.4/lib/chef/provider.rb:171:in `run_action'
/opt/chefdk/embedded/lib/ruby/gems/2.4.0/gems/chef-13.6.4/lib/chef/resource.rb:591:in `run_action'
/opt/chefdk/embedded/lib/ruby/gems/2.4.0/gems/chef-13.6.4/lib/chef/runner.rb:70:in `run_action'
/opt/chefdk/embedded/lib/ruby/gems/2.4.0/gems/chef-13.6.4/lib/chef/runner.rb:98:in `block (2 levels) in converge'
/opt/chefdk/embedded/lib/ruby/gems/2.4.0/gems/chef-13.6.4/lib/chef/runner.rb:98:in `each'
/opt/chefdk/embedded/lib/ruby/gems/2.4.0/gems/chef-13.6.4/lib/chef/runner.rb:98:in `block in converge'
/opt/chefdk/embedded/lib/ruby/gems/2.4.0/gems/chef-13.6.4/lib/chef/resource_collection/resource_list.rb:94:in `block in execute_each_resource'
/opt/chefdk/embedded/lib/ruby/gems/2.4.0/gems/chef-13.6.4/lib/chef/resource_collection/stepable_iterator.rb:114:in `call_iterator_block'
/opt/chefdk/embedded/lib/ruby/gems/2.4.0/gems/chef-13.6.4/lib/chef/resource_collection/stepable_iterator.rb:85:in `step'
/opt/chefdk/embedded/lib/ruby/gems/2.4.0/gems/chef-13.6.4/lib/chef/resource_collection/stepable_iterator.rb:103:in `iterate'
/opt/chefdk/embedded/lib/ruby/gems/2.4.0/gems/chef-13.6.4/lib/chef/resource_collection/stepable_iterator.rb:55:in `each_with_index'
/opt/chefdk/embedded/lib/ruby/gems/2.4.0/gems/chef-13.6.4/lib/chef/resource_collection/resource_list.rb:92:in `execute_each_resource'
/opt/chefdk/embedded/lib/ruby/gems/2.4.0/gems/chef-13.6.4/lib/chef/runner.rb:97:in `converge'
/opt/chefdk/embedded/lib/ruby/gems/2.4.0/gems/chef-13.6.4/lib/chef/client.rb:718:in `block in converge'
/opt/chefdk/embedded/lib/ruby/gems/2.4.0/gems/chef-13.6.4/lib/chef/client.rb:713:in `catch'
/opt/chefdk/embedded/lib/ruby/gems/2.4.0/gems/chef-13.6.4/lib/chef/client.rb:713:in `converge'
/opt/chefdk/embedded/lib/ruby/gems/2.4.0/gems/chef-13.6.4/lib/chef/client.rb:752:in `converge_and_save'
/opt/chefdk/embedded/lib/ruby/gems/2.4.0/gems/chef-13.6.4/lib/chef/client.rb:286:in `run'
/opt/chefdk/embedded/lib/ruby/gems/2.4.0/gems/chef-13.6.4/lib/chef/application.rb:291:in `block in fork_chef_client'
/opt/chefdk/embedded/lib/ruby/gems/2.4.0/gems/chef-13.6.4/lib/chef/application.rb:279:in `fork'
/opt/chefdk/embedded/lib/ruby/gems/2.4.0/gems/chef-13.6.4/lib/chef/application.rb:279:in `fork_chef_client'
/opt/chefdk/embedded/lib/ruby/gems/2.4.0/gems/chef-13.6.4/lib/chef/application.rb:244:in `block in run_chef_client'
/opt/chefdk/embedded/lib/ruby/gems/2.4.0/gems/chef-13.6.4/lib/chef/local_mode.rb:44:in `with_server_connectivity'
/opt/chefdk/embedded/lib/ruby/gems/2.4.0/gems/chef-13.6.4/lib/chef/application.rb:232:in `run_chef_client'
/opt/chefdk/embedded/lib/ruby/gems/2.4.0/gems/chef-13.6.4/lib/chef/application/client.rb:469:in `sleep_then_run_chef_client'
/opt/chefdk/embedded/lib/ruby/gems/2.4.0/gems/chef-13.6.4/lib/chef/application/client.rb:458:in `block in interval_run_chef_client'
/opt/chefdk/embedded/lib/ruby/gems/2.4.0/gems/chef-13.6.4/lib/chef/application/client.rb:457:in `loop'
/opt/chefdk/embedded/lib/ruby/gems/2.4.0/gems/chef-13.6.4/lib/chef/application/client.rb:457:in `interval_run_chef_client'
/opt/chefdk/embedded/lib/ruby/gems/2.4.0/gems/chef-13.6.4/lib/chef/application/client.rb:441:in `run_application'
/opt/chefdk/embedded/lib/ruby/gems/2.4.0/gems/chef-13.6.4/lib/chef/application.rb:59:in `run'
/opt/chefdk/embedded/lib/ruby/gems/2.4.0/gems/chef-13.6.4/bin/chef-client:26:in `<top (required)>'
/bin/chef-client:255:in `load'
/bin/chef-client:255:in `<main>'